<?xml version="1.0" encoding="UTF-8"?>
<testng-results ignored="0" total="2" passed="2" failed="0" skipped="0">
  <reporter-output>
  </reporter-output>
  <suite started-at="2022-12-22T11:38:58 IST" name="CT Tests for xyz" finished-at="2022-12-22T11:39:03 IST" duration-ms="5508">
    <groups>
    </groups>
    <test started-at="2022-12-22T11:38:58 IST" name="My first TestNg tests" finished-at="2022-12-22T11:39:03 IST" duration-ms="5508">
      <class name="myseleniumpakg.AssertionDemo">
        <test-method signature="assertionDemo1()[pri:0, instance:myseleniumpakg.AssertionDemo@6404f418]" started-at="2022-12-22T11:38:58 IST" name="assertionDemo1" finished-at="2022-12-22T11:39:01 IST" duration-ms="3278" status="PASS">
          <reporter-output>
          </reporter-output>
        </test-method> <!-- assertionDemo1 -->
        <test-method signature="assertionDemo2()[pri:0, instance:myseleniumpakg.AssertionDemo@6404f418]" started-at="2022-12-22T11:38:58 IST" name="assertionDemo2" finished-at="2022-12-22T11:39:03 IST" duration-ms="5470" status="PASS">
          <reporter-output>
          </reporter-output>
        </test-method> <!-- assertionDemo2 -->
      </class> <!-- myseleniumpakg.AssertionDemo -->
    </test> <!-- My first TestNg tests -->
  </suite> <!-- CT Tests for xyz -->
</testng-results>
